<?xml version="1.0" encoding="UTF-8"?>
<testsuite name="SafeSpacesTest" tests="13" skipped="0" failures="0" errors="0" timestamp="2018-09-17T02:08:31" hostname="MacBook-Pro-6.local" time="0.016">
  <properties/>
  <testcase name="testAgentsEverywhere" classname="SafeSpacesTest" time="0.004"/>
  <testcase name="testSafeSpacesRound1" classname="SafeSpacesTest" time="0.003"/>
  <testcase name="testSafeSpacesRound2" classname="SafeSpacesTest" time="0.0"/>
  <testcase name="testSafeSpacesRound3" classname="SafeSpacesTest" time="0.0"/>
  <testcase name="testAdviceRound1" classname="SafeSpacesTest" time="0.0"/>
  <testcase name="testAdviceRound2" classname="SafeSpacesTest" time="0.0"/>
  <testcase name="testAdviceRound3" classname="SafeSpacesTest" time="0.001"/>
  <testcase name="testAdviceRound4" classname="SafeSpacesTest" time="0.0"/>
  <testcase name="testEmptyCoordinates" classname="SafeSpacesTest" time="0.001"/>
  <testcase name="testDoubleDigits" classname="SafeSpacesTest" time="0.0"/>
  <testcase name="testMultipleCoordinates" classname="SafeSpacesTest" time="0.001"/>
  <testcase name="testSingleCoordinate" classname="SafeSpacesTest" time="0.0"/>
  <testcase name="testAgentOutsideMap" classname="SafeSpacesTest" time="0.0"/>
  <system-out><![CDATA[]]></system-out>
  <system-err><![CDATA[]]></system-err>
</testsuite>
